  winmain.cpp
c:\users\nathan\desktop\programming2dgames\mushroomgame\graphics.h(14): fatal error C1083: Cannot open include file: 'd3dx9.h': No such file or directory
  utilities.cpp
  unit.cpp
c:\users\nathan\desktop\programming2dgames\mushroomgame\graphics.h(14): fatal error C1083: Cannot open include file: 'd3dx9.h': No such file or directory
  toggleButton.cpp
c:\users\nathan\desktop\programming2dgames\mushroomgame\graphics.h(14): fatal error C1083: Cannot open include file: 'd3dx9.h': No such file or directory
  tile.cpp
c:\users\nathan\desktop\programming2dgames\mushroomgame\graphics.h(14): fatal error C1083: Cannot open include file: 'd3dx9.h': No such file or directory
  textureManager.cpp
c:\users\nathan\desktop\programming2dgames\mushroomgame\graphics.h(14): fatal error C1083: Cannot open include file: 'd3dx9.h': No such file or directory
  textDX.cpp
c:\users\nathan\desktop\programming2dgames\mushroomgame\graphics.h(14): fatal error C1083: Cannot open include file: 'd3dx9.h': No such file or directory
  rangedMushroom.cpp
c:\users\nathan\desktop\programming2dgames\mushroomgame\graphics.h(14): fatal error C1083: Cannot open include file: 'd3dx9.h': No such file or directory
  pathFinder.cpp
c:\users\nathan\desktop\programming2dgames\mushroomgame\graphics.h(14): fatal error C1083: Cannot open include file: 'd3dx9.h': No such file or directory
  parasiticMushroom.cpp
c:\users\nathan\desktop\programming2dgames\mushroomgame\graphics.h(14): fatal error C1083: Cannot open include file: 'd3dx9.h': No such file or directory
  nematodeUnit.cpp
c:\users\nathan\desktop\programming2dgames\mushroomgame\graphics.h(14): fatal error C1083: Cannot open include file: 'd3dx9.h': No such file or directory
  nematodeRangedUnit.cpp
c:\users\nathan\desktop\programming2dgames\mushroomgame\graphics.h(14): fatal error C1083: Cannot open include file: 'd3dx9.h': No such file or directory
  nematodeParasiteUnit.cpp
c:\users\nathan\desktop\programming2dgames\mushroomgame\graphics.h(14): fatal error C1083: Cannot open include file: 'd3dx9.h': No such file or directory
  nematodeCloseCombatUnit.cpp
c:\users\nathan\desktop\programming2dgames\mushroomgame\graphics.h(14): fatal error C1083: Cannot open include file: 'd3dx9.h': No such file or directory
  nematodeBurrowerUnit.cpp
c:\users\nathan\desktop\programming2dgames\mushroomgame\graphics.h(14): fatal error C1083: Cannot open include file: 'd3dx9.h': No such file or directory
  mushStore.cpp
c:\users\nathan\desktop\programming2dgames\mushroomgame\graphics.h(14): fatal error C1083: Cannot open include file: 'd3dx9.h': No such file or directory
  mushroomWar.cpp
c:\users\nathan\desktop\programming2dgames\mushroomgame\graphics.h(14): fatal error C1083: Cannot open include file: 'd3dx9.h': No such file or directory
  mushroomRangedUnit.cpp
c:\users\nathan\desktop\programming2dgames\mushroomgame\graphics.h(14): fatal error C1083: Cannot open include file: 'd3dx9.h': No such file or directory
  mushroomParasiteUnit.cpp
c:\users\nathan\desktop\programming2dgames\mushroomgame\graphics.h(14): fatal error C1083: Cannot open include file: 'd3dx9.h': No such file or directory
  mushroomColonizerUnit.cpp
c:\users\nathan\desktop\programming2dgames\mushroomgame\graphics.h(14): fatal error C1083: Cannot open include file: 'd3dx9.h': No such file or directory
  Generating Code...
  Compiling...
  mushroomCloseCombatUnit.cpp
c:\users\nathan\desktop\programming2dgames\mushroomgame\graphics.h(14): fatal error C1083: Cannot open include file: 'd3dx9.h': No such file or directory
  mushroom.cpp
c:\users\nathan\desktop\programming2dgames\mushroomgame\graphics.h(14): fatal error C1083: Cannot open include file: 'd3dx9.h': No such file or directory
  mushRangedFactory.cpp
c:\users\nathan\desktop\programming2dgames\mushroomgame\graphics.h(14): fatal error C1083: Cannot open include file: 'd3dx9.h': No such file or directory
  mushParasiticFactory.cpp
c:\users\nathan\desktop\programming2dgames\mushroomgame\graphics.h(14): fatal error C1083: Cannot open include file: 'd3dx9.h': No such file or directory
  mushColonizerFactory.cpp
c:\users\nathan\desktop\programming2dgames\mushroomgame\graphics.h(14): fatal error C1083: Cannot open include file: 'd3dx9.h': No such file or directory
  mushCloseCombatFactory.cpp
c:\users\nathan\desktop\programming2dgames\mushroomgame\graphics.h(14): fatal error C1083: Cannot open include file: 'd3dx9.h': No such file or directory
  messageDialog.cpp
c:\users\nathan\desktop\programming2dgames\mushroomgame\graphics.h(14): fatal error C1083: Cannot open include file: 'd3dx9.h': No such file or directory
  levelRecord.cpp
  input.cpp
  image.cpp
c:\users\nathan\desktop\programming2dgames\mushroomgame\graphics.h(14): fatal error C1083: Cannot open include file: 'd3dx9.h': No such file or directory
  graphics.cpp
c:\users\nathan\desktop\programming2dgames\mushroomgame\graphics.h(14): fatal error C1083: Cannot open include file: 'd3dx9.h': No such file or directory
  game.cpp
c:\users\nathan\desktop\programming2dgames\mushroomgame\graphics.h(14): fatal error C1083: Cannot open include file: 'd3dx9.h': No such file or directory
  envCharacteristic.cpp
c:\users\nathan\desktop\programming2dgames\mushroomgame\graphics.h(14): fatal error C1083: Cannot open include file: 'd3dx9.h': No such file or directory
  entity.cpp
c:\users\nathan\desktop\programming2dgames\mushroomgame\graphics.h(14): fatal error C1083: Cannot open include file: 'd3dx9.h': No such file or directory
  debris.cpp
c:\users\nathan\desktop\programming2dgames\mushroomgame\graphics.h(14): fatal error C1083: Cannot open include file: 'd3dx9.h': No such file or directory
  colonizerMushroom.cpp
c:\users\nathan\desktop\programming2dgames\mushroomgame\graphics.h(14): fatal error C1083: Cannot open include file: 'd3dx9.h': No such file or directory
  closeCombatMushroom.cpp
c:\users\nathan\desktop\programming2dgames\mushroomgame\graphics.h(14): fatal error C1083: Cannot open include file: 'd3dx9.h': No such file or directory
  bar.cpp
c:\users\nathan\desktop\programming2dgames\mushroomgame\graphics.h(14): fatal error C1083: Cannot open include file: 'd3dx9.h': No such file or directory
  Generating Code...
